Using GPU
Args in experiment:
[1mBasic Config[0m
  Task Name:          classification      Is Training:        1                   
  Model ID:           CLS_FingerMovements Model:              DLinear             

[1mData Loader[0m
  Data:               UEA                 Root Path:          /data/yoom618/TSLib/dataset/FingerMovements
  Data Path:          ETTh1.csv           Features:           M                   
  Target:             OT                  Freq:               h                   
  Checkpoints:        /data/yoom618/TSLib/checkpoints

[1mModel Parameters[0m
  Top k:              5                   Num Kernels:        6                   
  Enc In:             28                  Dec In:             7                   
  C Out:              0                   d model:            512                 
  n heads:            8                   e layers:           2                   
  d layers:           1                   d FF:               2048                
  Moving Avg:         25                  Factor:             1                   
  Distil:             1                   Dropout:            0.1                 
  Embed:              timeF               Activation:         gelu                

[1mRun Parameters[0m
  Num Workers:        10                  Itr:                1                   
  Train Epochs:       100                 Batch Size:         16                  
  Patience:           10                  Learning Rate:      0.001               
  Des:                Exp                 Loss:               MSE                 
  Lradj:              type1               Use Amp:            0                   

[1mGPU[0m
  Use GPU:            1                   GPU:                0                   
  Use Multi GPU:      0                   Devices:            0,1,2,3             

[1mDe-stationary Projector Params[0m
  P Hidden Dims:      128, 128            P Hidden Layers:    2                   

316
100
>>>>>>>start training : classification_CLS_FingerMovements_DLinear_UEA_ftM_sl50_ll0_pl0_ma25_Exp_0>>>>>>>>>>>>>>>>>>>>>>>>>>
316
100
100
Epoch: 1 cost time: 4.383680820465088
Epoch: 1, Steps: 20 | Train Loss: 0.703 Vali Loss: 0.730 Vali Acc: 0.460 Test Loss: 0.730 Test Acc: 0.460
Validation loss decreased (inf --> -0.459993).  Saving model ...
Epoch: 2 cost time: 1.8759968280792236
Epoch: 2, Steps: 20 | Train Loss: 0.690 Vali Loss: 0.728 Vali Acc: 0.420 Test Loss: 0.728 Test Acc: 0.420
EarlyStopping counter: 1 out of 10
Epoch: 3 cost time: 1.6761808395385742
Epoch: 3, Steps: 20 | Train Loss: 0.705 Vali Loss: 0.725 Vali Acc: 0.530 Test Loss: 0.725 Test Acc: 0.530
Validation loss decreased (-0.459993 --> -0.529993).  Saving model ...
Epoch: 4 cost time: 1.8725478649139404
Epoch: 4, Steps: 20 | Train Loss: 0.689 Vali Loss: 0.739 Vali Acc: 0.450 Test Loss: 0.739 Test Acc: 0.450
EarlyStopping counter: 1 out of 10
Epoch: 5 cost time: 1.7097318172454834
Epoch: 5, Steps: 20 | Train Loss: 0.694 Vali Loss: 0.728 Vali Acc: 0.470 Test Loss: 0.728 Test Acc: 0.470
EarlyStopping counter: 2 out of 10
Epoch: 6 cost time: 1.682875394821167
Epoch: 6, Steps: 20 | Train Loss: 0.714 Vali Loss: 0.730 Vali Acc: 0.520 Test Loss: 0.730 Test Acc: 0.520
EarlyStopping counter: 3 out of 10
Epoch: 7 cost time: 1.4929211139678955
Epoch: 7, Steps: 20 | Train Loss: 0.688 Vali Loss: 0.727 Vali Acc: 0.440 Test Loss: 0.727 Test Acc: 0.440
EarlyStopping counter: 4 out of 10
Epoch: 8 cost time: 1.8960061073303223
Epoch: 8, Steps: 20 | Train Loss: 0.655 Vali Loss: 0.709 Vali Acc: 0.530 Test Loss: 0.709 Test Acc: 0.530
Validation loss decreased (-0.529993 --> -0.529993).  Saving model ...
Epoch: 9 cost time: 1.7895801067352295
Epoch: 9, Steps: 20 | Train Loss: 0.656 Vali Loss: 0.914 Vali Acc: 0.450 Test Loss: 0.914 Test Acc: 0.450
EarlyStopping counter: 1 out of 10
Epoch: 10 cost time: 1.45855712890625
Epoch: 10, Steps: 20 | Train Loss: 0.721 Vali Loss: 0.752 Vali Acc: 0.470 Test Loss: 0.752 Test Acc: 0.470
EarlyStopping counter: 2 out of 10
Epoch: 11 cost time: 1.5533983707427979
Epoch: 11, Steps: 20 | Train Loss: 0.661 Vali Loss: 0.780 Vali Acc: 0.500 Test Loss: 0.780 Test Acc: 0.500
EarlyStopping counter: 3 out of 10
Epoch: 12 cost time: 1.6731603145599365
Epoch: 12, Steps: 20 | Train Loss: 0.680 Vali Loss: 0.748 Vali Acc: 0.400 Test Loss: 0.748 Test Acc: 0.400
EarlyStopping counter: 4 out of 10
Epoch: 13 cost time: 1.6411278247833252
Epoch: 13, Steps: 20 | Train Loss: 0.654 Vali Loss: 0.734 Vali Acc: 0.520 Test Loss: 0.734 Test Acc: 0.520
EarlyStopping counter: 5 out of 10
Epoch: 14 cost time: 1.5612988471984863
Epoch: 14, Steps: 20 | Train Loss: 0.676 Vali Loss: 0.738 Vali Acc: 0.560 Test Loss: 0.738 Test Acc: 0.560
Validation loss decreased (-0.529993 --> -0.559993).  Saving model ...
Epoch: 15 cost time: 1.4581589698791504
Epoch: 15, Steps: 20 | Train Loss: 0.649 Vali Loss: 0.771 Vali Acc: 0.430 Test Loss: 0.771 Test Acc: 0.430
EarlyStopping counter: 1 out of 10
Epoch: 16 cost time: 1.5240113735198975
Epoch: 16, Steps: 20 | Train Loss: 0.640 Vali Loss: 0.736 Vali Acc: 0.480 Test Loss: 0.736 Test Acc: 0.480
EarlyStopping counter: 2 out of 10
Epoch: 17 cost time: 2.1106274127960205
Epoch: 17, Steps: 20 | Train Loss: 0.632 Vali Loss: 0.730 Vali Acc: 0.520 Test Loss: 0.730 Test Acc: 0.520
EarlyStopping counter: 3 out of 10
Epoch: 18 cost time: 2.0889437198638916
Epoch: 18, Steps: 20 | Train Loss: 0.639 Vali Loss: 0.767 Vali Acc: 0.450 Test Loss: 0.767 Test Acc: 0.450
EarlyStopping counter: 4 out of 10
Epoch: 19 cost time: 1.5790250301361084
Epoch: 19, Steps: 20 | Train Loss: 0.663 Vali Loss: 0.849 Vali Acc: 0.520 Test Loss: 0.849 Test Acc: 0.520
EarlyStopping counter: 5 out of 10
Epoch: 20 cost time: 1.2738096714019775
Epoch: 20, Steps: 20 | Train Loss: 0.685 Vali Loss: 0.726 Vali Acc: 0.550 Test Loss: 0.726 Test Acc: 0.550
EarlyStopping counter: 6 out of 10
Epoch: 21 cost time: 1.6016249656677246
Epoch: 21, Steps: 20 | Train Loss: 0.641 Vali Loss: 0.780 Vali Acc: 0.510 Test Loss: 0.780 Test Acc: 0.510
EarlyStopping counter: 7 out of 10
Epoch: 22 cost time: 1.9135243892669678
Epoch: 22, Steps: 20 | Train Loss: 0.622 Vali Loss: 0.792 Vali Acc: 0.510 Test Loss: 0.792 Test Acc: 0.510
EarlyStopping counter: 8 out of 10
Epoch: 23 cost time: 1.6302921772003174
Epoch: 23, Steps: 20 | Train Loss: 0.652 Vali Loss: 0.783 Vali Acc: 0.480 Test Loss: 0.783 Test Acc: 0.480
EarlyStopping counter: 9 out of 10
Epoch: 24 cost time: 1.633126974105835
Epoch: 24, Steps: 20 | Train Loss: 0.616 Vali Loss: 0.732 Vali Acc: 0.550 Test Loss: 0.732 Test Acc: 0.550
EarlyStopping counter: 10 out of 10
Early stopping
>>>>>>>testing : classification_CLS_FingerMovements_DLinear_UEA_ftM_sl50_ll0_pl0_ma25_Exp_0<<<<<<<<<<<<<<<<<<<<<<<<<<<<<<<<<
100
test shape: torch.Size([100, 2]) torch.Size([100, 1])
accuracy:0.56
model parameter : 7902
model size : 0.03MB
Using GPU
Args in experiment:
[1mBasic Config[0m
  Task Name:          classification      Is Training:        1                   
  Model ID:           CLS_FingerMovements Model:              DLinear             

[1mData Loader[0m
  Data:               UEA                 Root Path:          /data/yoom618/TSLib/dataset/FingerMovements
  Data Path:          ETTh1.csv           Features:           M                   
  Target:             OT                  Freq:               h                   
  Checkpoints:        /data/yoom618/TSLib/checkpoints

[1mModel Parameters[0m
  Top k:              5                   Num Kernels:        6                   
  Enc In:             28                  Dec In:             7                   
  C Out:              0                   d model:            512                 
  n heads:            8                   e layers:           2                   
  d layers:           1                   d FF:               2048                
  Moving Avg:         23                  Factor:             1                   
  Distil:             1                   Dropout:            0.1                 
  Embed:              timeF               Activation:         gelu                

[1mRun Parameters[0m
  Num Workers:        10                  Itr:                1                   
  Train Epochs:       100                 Batch Size:         16                  
  Patience:           10                  Learning Rate:      0.001               
  Des:                Exp                 Loss:               MSE                 
  Lradj:              type1               Use Amp:            0                   

[1mGPU[0m
  Use GPU:            1                   GPU:                0                   
  Use Multi GPU:      0                   Devices:            0,1,2,3             

[1mDe-stationary Projector Params[0m
  P Hidden Dims:      128, 128            P Hidden Layers:    2                   

316
100
>>>>>>>start training : classification_CLS_FingerMovements_DLinear_UEA_ftM_sl50_ll0_pl0_ma23_Exp_0>>>>>>>>>>>>>>>>>>>>>>>>>>
316
100
100
Epoch: 1 cost time: 3.6670572757720947
Epoch: 1, Steps: 20 | Train Loss: 0.703 Vali Loss: 0.730 Vali Acc: 0.460 Test Loss: 0.730 Test Acc: 0.460
Validation loss decreased (inf --> -0.459993).  Saving model ...
Epoch: 2 cost time: 1.6325392723083496
Epoch: 2, Steps: 20 | Train Loss: 0.690 Vali Loss: 0.728 Vali Acc: 0.420 Test Loss: 0.728 Test Acc: 0.420
EarlyStopping counter: 1 out of 10
Epoch: 3 cost time: 1.5057287216186523
Epoch: 3, Steps: 20 | Train Loss: 0.705 Vali Loss: 0.725 Vali Acc: 0.530 Test Loss: 0.725 Test Acc: 0.530
Validation loss decreased (-0.459993 --> -0.529993).  Saving model ...
Epoch: 4 cost time: 1.4861955642700195
Epoch: 4, Steps: 20 | Train Loss: 0.689 Vali Loss: 0.739 Vali Acc: 0.450 Test Loss: 0.739 Test Acc: 0.450
EarlyStopping counter: 1 out of 10
Epoch: 5 cost time: 1.3964295387268066
Epoch: 5, Steps: 20 | Train Loss: 0.694 Vali Loss: 0.728 Vali Acc: 0.460 Test Loss: 0.728 Test Acc: 0.460
EarlyStopping counter: 2 out of 10
Epoch: 6 cost time: 1.7270877361297607
Epoch: 6, Steps: 20 | Train Loss: 0.714 Vali Loss: 0.730 Vali Acc: 0.520 Test Loss: 0.730 Test Acc: 0.520
EarlyStopping counter: 3 out of 10
Epoch: 7 cost time: 1.6416761875152588
Epoch: 7, Steps: 20 | Train Loss: 0.689 Vali Loss: 0.727 Vali Acc: 0.440 Test Loss: 0.727 Test Acc: 0.440
EarlyStopping counter: 4 out of 10
Epoch: 8 cost time: 1.9472286701202393
Epoch: 8, Steps: 20 | Train Loss: 0.656 Vali Loss: 0.710 Vali Acc: 0.530 Test Loss: 0.710 Test Acc: 0.530
Validation loss decreased (-0.529993 --> -0.529993).  Saving model ...
Epoch: 9 cost time: 1.5003154277801514
Epoch: 9, Steps: 20 | Train Loss: 0.656 Vali Loss: 0.914 Vali Acc: 0.450 Test Loss: 0.914 Test Acc: 0.450
EarlyStopping counter: 1 out of 10
Epoch: 10 cost time: 1.5186595916748047
Epoch: 10, Steps: 20 | Train Loss: 0.721 Vali Loss: 0.752 Vali Acc: 0.470 Test Loss: 0.752 Test Acc: 0.470
EarlyStopping counter: 2 out of 10
Epoch: 11 cost time: 1.5439038276672363
Epoch: 11, Steps: 20 | Train Loss: 0.661 Vali Loss: 0.780 Vali Acc: 0.500 Test Loss: 0.780 Test Acc: 0.500
EarlyStopping counter: 3 out of 10
Epoch: 12 cost time: 1.552457332611084
Epoch: 12, Steps: 20 | Train Loss: 0.681 Vali Loss: 0.749 Vali Acc: 0.400 Test Loss: 0.749 Test Acc: 0.400
EarlyStopping counter: 4 out of 10
Epoch: 13 cost time: 1.492074966430664
Epoch: 13, Steps: 20 | Train Loss: 0.655 Vali Loss: 0.735 Vali Acc: 0.520 Test Loss: 0.735 Test Acc: 0.520
EarlyStopping counter: 5 out of 10
Epoch: 14 cost time: 1.4199035167694092
Epoch: 14, Steps: 20 | Train Loss: 0.676 Vali Loss: 0.739 Vali Acc: 0.550 Test Loss: 0.739 Test Acc: 0.550
Validation loss decreased (-0.529993 --> -0.549993).  Saving model ...
Epoch: 15 cost time: 1.4411001205444336
Epoch: 15, Steps: 20 | Train Loss: 0.649 Vali Loss: 0.771 Vali Acc: 0.410 Test Loss: 0.771 Test Acc: 0.410
EarlyStopping counter: 1 out of 10
Epoch: 16 cost time: 1.594095230102539
Epoch: 16, Steps: 20 | Train Loss: 0.640 Vali Loss: 0.736 Vali Acc: 0.480 Test Loss: 0.736 Test Acc: 0.480
EarlyStopping counter: 2 out of 10
Epoch: 17 cost time: 1.5220568180084229
Epoch: 17, Steps: 20 | Train Loss: 0.633 Vali Loss: 0.730 Vali Acc: 0.520 Test Loss: 0.730 Test Acc: 0.520
EarlyStopping counter: 3 out of 10
Epoch: 18 cost time: 1.770601749420166
Epoch: 18, Steps: 20 | Train Loss: 0.640 Vali Loss: 0.768 Vali Acc: 0.450 Test Loss: 0.768 Test Acc: 0.450
EarlyStopping counter: 4 out of 10
Epoch: 19 cost time: 1.955204725265503
Epoch: 19, Steps: 20 | Train Loss: 0.664 Vali Loss: 0.848 Vali Acc: 0.510 Test Loss: 0.848 Test Acc: 0.510
EarlyStopping counter: 5 out of 10
Epoch: 20 cost time: 1.711256504058838
Epoch: 20, Steps: 20 | Train Loss: 0.686 Vali Loss: 0.726 Vali Acc: 0.550 Test Loss: 0.726 Test Acc: 0.550
Validation loss decreased (-0.549993 --> -0.549993).  Saving model ...
Epoch: 21 cost time: 1.9914829730987549
Epoch: 21, Steps: 20 | Train Loss: 0.642 Vali Loss: 0.780 Vali Acc: 0.500 Test Loss: 0.780 Test Acc: 0.500
EarlyStopping counter: 1 out of 10
Epoch: 22 cost time: 1.6738440990447998
Epoch: 22, Steps: 20 | Train Loss: 0.623 Vali Loss: 0.792 Vali Acc: 0.510 Test Loss: 0.792 Test Acc: 0.510
EarlyStopping counter: 2 out of 10
Epoch: 23 cost time: 1.6189706325531006
Epoch: 23, Steps: 20 | Train Loss: 0.652 Vali Loss: 0.784 Vali Acc: 0.480 Test Loss: 0.784 Test Acc: 0.480
EarlyStopping counter: 3 out of 10
Epoch: 24 cost time: 1.6166231632232666
Epoch: 24, Steps: 20 | Train Loss: 0.617 Vali Loss: 0.733 Vali Acc: 0.550 Test Loss: 0.733 Test Acc: 0.550
EarlyStopping counter: 4 out of 10
Epoch: 25 cost time: 1.6757054328918457
Epoch: 25, Steps: 20 | Train Loss: 0.607 Vali Loss: 0.810 Vali Acc: 0.510 Test Loss: 0.810 Test Acc: 0.510
EarlyStopping counter: 5 out of 10
Epoch: 26 cost time: 1.5429048538208008
Epoch: 26, Steps: 20 | Train Loss: 0.653 Vali Loss: 0.834 Vali Acc: 0.500 Test Loss: 0.834 Test Acc: 0.500
EarlyStopping counter: 6 out of 10
Epoch: 27 cost time: 1.6156556606292725
Epoch: 27, Steps: 20 | Train Loss: 0.612 Vali Loss: 0.741 Vali Acc: 0.550 Test Loss: 0.741 Test Acc: 0.550
EarlyStopping counter: 7 out of 10
Epoch: 28 cost time: 1.8815124034881592
Epoch: 28, Steps: 20 | Train Loss: 0.621 Vali Loss: 0.749 Vali Acc: 0.570 Test Loss: 0.749 Test Acc: 0.570
Validation loss decreased (-0.549993 --> -0.569993).  Saving model ...
Epoch: 29 cost time: 1.797478437423706
Epoch: 29, Steps: 20 | Train Loss: 0.633 Vali Loss: 0.763 Vali Acc: 0.620 Test Loss: 0.763 Test Acc: 0.620
Validation loss decreased (-0.569993 --> -0.619992).  Saving model ...
Epoch: 30 cost time: 1.5463216304779053
Epoch: 30, Steps: 20 | Train Loss: 0.635 Vali Loss: 0.738 Vali Acc: 0.580 Test Loss: 0.738 Test Acc: 0.580
EarlyStopping counter: 1 out of 10
Epoch: 31 cost time: 1.4763057231903076
Epoch: 31, Steps: 20 | Train Loss: 0.608 Vali Loss: 0.771 Vali Acc: 0.570 Test Loss: 0.771 Test Acc: 0.570
EarlyStopping counter: 2 out of 10
Epoch: 32 cost time: 2.078587532043457
Epoch: 32, Steps: 20 | Train Loss: 0.599 Vali Loss: 0.850 Vali Acc: 0.480 Test Loss: 0.850 Test Acc: 0.480
EarlyStopping counter: 3 out of 10
Epoch: 33 cost time: 1.798583984375
Epoch: 33, Steps: 20 | Train Loss: 0.601 Vali Loss: 0.815 Vali Acc: 0.490 Test Loss: 0.815 Test Acc: 0.490
EarlyStopping counter: 4 out of 10
Epoch: 34 cost time: 1.6573548316955566
Epoch: 34, Steps: 20 | Train Loss: 0.595 Vali Loss: 0.757 Vali Acc: 0.610 Test Loss: 0.757 Test Acc: 0.610
EarlyStopping counter: 5 out of 10
Epoch: 35 cost time: 2.0238308906555176
Epoch: 35, Steps: 20 | Train Loss: 0.608 Vali Loss: 0.763 Vali Acc: 0.570 Test Loss: 0.763 Test Acc: 0.570
EarlyStopping counter: 6 out of 10
Epoch: 36 cost time: 1.776991367340088
Epoch: 36, Steps: 20 | Train Loss: 0.630 Vali Loss: 0.759 Vali Acc: 0.600 Test Loss: 0.759 Test Acc: 0.600
EarlyStopping counter: 7 out of 10
Epoch: 37 cost time: 1.741858720779419
Epoch: 37, Steps: 20 | Train Loss: 0.608 Vali Loss: 0.788 Vali Acc: 0.570 Test Loss: 0.788 Test Acc: 0.570
EarlyStopping counter: 8 out of 10
Epoch: 38 cost time: 2.083918809890747
Epoch: 38, Steps: 20 | Train Loss: 0.593 Vali Loss: 0.745 Vali Acc: 0.590 Test Loss: 0.745 Test Acc: 0.590
EarlyStopping counter: 9 out of 10
Epoch: 39 cost time: 1.6849100589752197
Epoch: 39, Steps: 20 | Train Loss: 0.597 Vali Loss: 0.763 Vali Acc: 0.580 Test Loss: 0.763 Test Acc: 0.580
EarlyStopping counter: 10 out of 10
Early stopping
>>>>>>>testing : classification_CLS_FingerMovements_DLinear_UEA_ftM_sl50_ll0_pl0_ma23_Exp_0<<<<<<<<<<<<<<<<<<<<<<<<<<<<<<<<<
100
test shape: torch.Size([100, 2]) torch.Size([100, 1])
accuracy:0.62
model parameter : 7902
model size : 0.03MB
Using GPU
Args in experiment:
[1mBasic Config[0m
  Task Name:          classification      Is Training:        1                   
  Model ID:           CLS_FingerMovements Model:              DLinear             

[1mData Loader[0m
  Data:               UEA                 Root Path:          /data/yoom618/TSLib/dataset/FingerMovements
  Data Path:          ETTh1.csv           Features:           M                   
  Target:             OT                  Freq:               h                   
  Checkpoints:        /data/yoom618/TSLib/checkpoints

[1mModel Parameters[0m
  Top k:              5                   Num Kernels:        6                   
  Enc In:             28                  Dec In:             7                   
  C Out:              0                   d model:            512                 
  n heads:            8                   e layers:           2                   
  d layers:           1                   d FF:               2048                
  Moving Avg:         20                  Factor:             1                   
  Distil:             1                   Dropout:            0.1                 
  Embed:              timeF               Activation:         gelu                

[1mRun Parameters[0m
  Num Workers:        10                  Itr:                1                   
  Train Epochs:       100                 Batch Size:         16                  
  Patience:           10                  Learning Rate:      0.001               
  Des:                Exp                 Loss:               MSE                 
  Lradj:              type1               Use Amp:            0                   

[1mGPU[0m
  Use GPU:            1                   GPU:                0                   
  Use Multi GPU:      0                   Devices:            0,1,2,3             

[1mDe-stationary Projector Params[0m
  P Hidden Dims:      128, 128            P Hidden Layers:    2                   

316
100
>>>>>>>start training : classification_CLS_FingerMovements_DLinear_UEA_ftM_sl50_ll0_pl0_ma20_Exp_0>>>>>>>>>>>>>>>>>>>>>>>>>>
316
100
100
Epoch: 1 cost time: 3.536193609237671
Epoch: 1, Steps: 20 | Train Loss: 0.703 Vali Loss: 0.730 Vali Acc: 0.460 Test Loss: 0.730 Test Acc: 0.460
Validation loss decreased (inf --> -0.459993).  Saving model ...
Epoch: 2 cost time: 1.4121246337890625
Epoch: 2, Steps: 20 | Train Loss: 0.690 Vali Loss: 0.728 Vali Acc: 0.420 Test Loss: 0.728 Test Acc: 0.420
EarlyStopping counter: 1 out of 10
Epoch: 3 cost time: 1.2387187480926514
Epoch: 3, Steps: 20 | Train Loss: 0.705 Vali Loss: 0.725 Vali Acc: 0.530 Test Loss: 0.725 Test Acc: 0.530
Validation loss decreased (-0.459993 --> -0.529993).  Saving model ...
Epoch: 4 cost time: 1.4712989330291748
Epoch: 4, Steps: 20 | Train Loss: 0.689 Vali Loss: 0.739 Vali Acc: 0.450 Test Loss: 0.739 Test Acc: 0.450
EarlyStopping counter: 1 out of 10
Epoch: 5 cost time: 1.4038267135620117
Epoch: 5, Steps: 20 | Train Loss: 0.694 Vali Loss: 0.729 Vali Acc: 0.470 Test Loss: 0.729 Test Acc: 0.470
EarlyStopping counter: 2 out of 10
Epoch: 6 cost time: 1.4402596950531006
Epoch: 6, Steps: 20 | Train Loss: 0.715 Vali Loss: 0.730 Vali Acc: 0.520 Test Loss: 0.730 Test Acc: 0.520
EarlyStopping counter: 3 out of 10
Epoch: 7 cost time: 1.4640576839447021
Epoch: 7, Steps: 20 | Train Loss: 0.689 Vali Loss: 0.728 Vali Acc: 0.420 Test Loss: 0.728 Test Acc: 0.420
EarlyStopping counter: 4 out of 10
Epoch: 8 cost time: 1.512129306793213
Epoch: 8, Steps: 20 | Train Loss: 0.656 Vali Loss: 0.711 Vali Acc: 0.530 Test Loss: 0.711 Test Acc: 0.530
Validation loss decreased (-0.529993 --> -0.529993).  Saving model ...
Epoch: 9 cost time: 1.257166862487793
Epoch: 9, Steps: 20 | Train Loss: 0.656 Vali Loss: 0.915 Vali Acc: 0.450 Test Loss: 0.915 Test Acc: 0.450
EarlyStopping counter: 1 out of 10
Epoch: 10 cost time: 1.6599109172821045
Epoch: 10, Steps: 20 | Train Loss: 0.721 Vali Loss: 0.753 Vali Acc: 0.460 Test Loss: 0.753 Test Acc: 0.460
EarlyStopping counter: 2 out of 10
Epoch: 11 cost time: 1.539280891418457
Epoch: 11, Steps: 20 | Train Loss: 0.661 Vali Loss: 0.781 Vali Acc: 0.520 Test Loss: 0.781 Test Acc: 0.520
EarlyStopping counter: 3 out of 10
Epoch: 12 cost time: 1.416088342666626
Epoch: 12, Steps: 20 | Train Loss: 0.681 Vali Loss: 0.750 Vali Acc: 0.390 Test Loss: 0.750 Test Acc: 0.390
EarlyStopping counter: 4 out of 10
Epoch: 13 cost time: 1.257711410522461
Epoch: 13, Steps: 20 | Train Loss: 0.655 Vali Loss: 0.736 Vali Acc: 0.510 Test Loss: 0.736 Test Acc: 0.510
EarlyStopping counter: 5 out of 10
Epoch: 14 cost time: 1.7372097969055176
Epoch: 14, Steps: 20 | Train Loss: 0.676 Vali Loss: 0.741 Vali Acc: 0.560 Test Loss: 0.741 Test Acc: 0.560
Validation loss decreased (-0.529993 --> -0.559993).  Saving model ...
Epoch: 15 cost time: 1.2458686828613281
Epoch: 15, Steps: 20 | Train Loss: 0.649 Vali Loss: 0.773 Vali Acc: 0.410 Test Loss: 0.773 Test Acc: 0.410
EarlyStopping counter: 1 out of 10
Epoch: 16 cost time: 1.118262767791748
Epoch: 16, Steps: 20 | Train Loss: 0.640 Vali Loss: 0.739 Vali Acc: 0.480 Test Loss: 0.739 Test Acc: 0.480
EarlyStopping counter: 2 out of 10
Epoch: 17 cost time: 1.44404935836792
Epoch: 17, Steps: 20 | Train Loss: 0.633 Vali Loss: 0.732 Vali Acc: 0.520 Test Loss: 0.732 Test Acc: 0.520
EarlyStopping counter: 3 out of 10
Epoch: 18 cost time: 1.2969586849212646
Epoch: 18, Steps: 20 | Train Loss: 0.640 Vali Loss: 0.770 Vali Acc: 0.430 Test Loss: 0.770 Test Acc: 0.430
EarlyStopping counter: 4 out of 10
Epoch: 19 cost time: 1.0784235000610352
Epoch: 19, Steps: 20 | Train Loss: 0.665 Vali Loss: 0.850 Vali Acc: 0.510 Test Loss: 0.850 Test Acc: 0.510
EarlyStopping counter: 5 out of 10
Epoch: 20 cost time: 1.1973395347595215
Epoch: 20, Steps: 20 | Train Loss: 0.686 Vali Loss: 0.728 Vali Acc: 0.560 Test Loss: 0.728 Test Acc: 0.560
Validation loss decreased (-0.559993 --> -0.559993).  Saving model ...
Epoch: 21 cost time: 1.3212502002716064
Epoch: 21, Steps: 20 | Train Loss: 0.642 Vali Loss: 0.782 Vali Acc: 0.470 Test Loss: 0.782 Test Acc: 0.470
EarlyStopping counter: 1 out of 10
Epoch: 22 cost time: 1.5882010459899902
Epoch: 22, Steps: 20 | Train Loss: 0.622 Vali Loss: 0.794 Vali Acc: 0.470 Test Loss: 0.794 Test Acc: 0.470
EarlyStopping counter: 2 out of 10
Epoch: 23 cost time: 1.4538555145263672
Epoch: 23, Steps: 20 | Train Loss: 0.652 Vali Loss: 0.786 Vali Acc: 0.470 Test Loss: 0.786 Test Acc: 0.470
EarlyStopping counter: 3 out of 10
Epoch: 24 cost time: 1.6003539562225342
Epoch: 24, Steps: 20 | Train Loss: 0.617 Vali Loss: 0.735 Vali Acc: 0.540 Test Loss: 0.735 Test Acc: 0.540
EarlyStopping counter: 4 out of 10
Epoch: 25 cost time: 1.7495629787445068
Epoch: 25, Steps: 20 | Train Loss: 0.607 Vali Loss: 0.813 Vali Acc: 0.490 Test Loss: 0.813 Test Acc: 0.490
EarlyStopping counter: 5 out of 10
Epoch: 26 cost time: 1.4417154788970947
Epoch: 26, Steps: 20 | Train Loss: 0.653 Vali Loss: 0.836 Vali Acc: 0.500 Test Loss: 0.836 Test Acc: 0.500
EarlyStopping counter: 6 out of 10
Epoch: 27 cost time: 1.5710489749908447
Epoch: 27, Steps: 20 | Train Loss: 0.612 Vali Loss: 0.743 Vali Acc: 0.550 Test Loss: 0.743 Test Acc: 0.550
EarlyStopping counter: 7 out of 10
Epoch: 28 cost time: 1.3501770496368408
Epoch: 28, Steps: 20 | Train Loss: 0.621 Vali Loss: 0.750 Vali Acc: 0.590 Test Loss: 0.750 Test Acc: 0.590
Validation loss decreased (-0.559993 --> -0.589992).  Saving model ...
Epoch: 29 cost time: 1.2363002300262451
Epoch: 29, Steps: 20 | Train Loss: 0.632 Vali Loss: 0.765 Vali Acc: 0.620 Test Loss: 0.765 Test Acc: 0.620
Validation loss decreased (-0.589992 --> -0.619992).  Saving model ...
Epoch: 30 cost time: 1.3719069957733154
Epoch: 30, Steps: 20 | Train Loss: 0.635 Vali Loss: 0.739 Vali Acc: 0.580 Test Loss: 0.739 Test Acc: 0.580
EarlyStopping counter: 1 out of 10
Epoch: 31 cost time: 1.4476516246795654
Epoch: 31, Steps: 20 | Train Loss: 0.608 Vali Loss: 0.772 Vali Acc: 0.570 Test Loss: 0.772 Test Acc: 0.570
EarlyStopping counter: 2 out of 10
Epoch: 32 cost time: 1.6336731910705566
Epoch: 32, Steps: 20 | Train Loss: 0.598 Vali Loss: 0.853 Vali Acc: 0.480 Test Loss: 0.853 Test Acc: 0.480
EarlyStopping counter: 3 out of 10
Epoch: 33 cost time: 1.4498600959777832
Epoch: 33, Steps: 20 | Train Loss: 0.601 Vali Loss: 0.818 Vali Acc: 0.490 Test Loss: 0.818 Test Acc: 0.490
EarlyStopping counter: 4 out of 10
Epoch: 34 cost time: 1.530120611190796
Epoch: 34, Steps: 20 | Train Loss: 0.595 Vali Loss: 0.758 Vali Acc: 0.620 Test Loss: 0.758 Test Acc: 0.620
Validation loss decreased (-0.619992 --> -0.619992).  Saving model ...
Epoch: 35 cost time: 1.4980416297912598
Epoch: 35, Steps: 20 | Train Loss: 0.607 Vali Loss: 0.764 Vali Acc: 0.570 Test Loss: 0.764 Test Acc: 0.570
EarlyStopping counter: 1 out of 10
Epoch: 36 cost time: 1.2288994789123535
Epoch: 36, Steps: 20 | Train Loss: 0.630 Vali Loss: 0.761 Vali Acc: 0.600 Test Loss: 0.761 Test Acc: 0.600
EarlyStopping counter: 2 out of 10
Epoch: 37 cost time: 1.0891060829162598
Epoch: 37, Steps: 20 | Train Loss: 0.608 Vali Loss: 0.787 Vali Acc: 0.570 Test Loss: 0.787 Test Acc: 0.570
EarlyStopping counter: 3 out of 10
Epoch: 38 cost time: 0.9241619110107422
Epoch: 38, Steps: 20 | Train Loss: 0.593 Vali Loss: 0.744 Vali Acc: 0.590 Test Loss: 0.744 Test Acc: 0.590
EarlyStopping counter: 4 out of 10
Epoch: 39 cost time: 1.4035112857818604
Epoch: 39, Steps: 20 | Train Loss: 0.597 Vali Loss: 0.762 Vali Acc: 0.590 Test Loss: 0.762 Test Acc: 0.590
EarlyStopping counter: 5 out of 10
Epoch: 40 cost time: 1.21856689453125
Epoch: 40, Steps: 20 | Train Loss: 0.598 Vali Loss: 0.797 Vali Acc: 0.520 Test Loss: 0.797 Test Acc: 0.520
EarlyStopping counter: 6 out of 10
Epoch: 41 cost time: 1.3539822101593018
Epoch: 41, Steps: 20 | Train Loss: 0.594 Vali Loss: 0.753 Vali Acc: 0.580 Test Loss: 0.753 Test Acc: 0.580
EarlyStopping counter: 7 out of 10
Epoch: 42 cost time: 1.5528311729431152
Epoch: 42, Steps: 20 | Train Loss: 0.631 Vali Loss: 0.771 Vali Acc: 0.560 Test Loss: 0.771 Test Acc: 0.560
EarlyStopping counter: 8 out of 10
Epoch: 43 cost time: 1.6076891422271729
Epoch: 43, Steps: 20 | Train Loss: 0.602 Vali Loss: 0.792 Vali Acc: 0.580 Test Loss: 0.792 Test Acc: 0.580
EarlyStopping counter: 9 out of 10
Epoch: 44 cost time: 1.3474562168121338
Epoch: 44, Steps: 20 | Train Loss: 0.607 Vali Loss: 0.775 Vali Acc: 0.580 Test Loss: 0.775 Test Acc: 0.580
EarlyStopping counter: 10 out of 10
Early stopping
>>>>>>>testing : classification_CLS_FingerMovements_DLinear_UEA_ftM_sl50_ll0_pl0_ma20_Exp_0<<<<<<<<<<<<<<<<<<<<<<<<<<<<<<<<<
100
test shape: torch.Size([100, 2]) torch.Size([100, 1])
accuracy:0.62
model parameter : 7902
model size : 0.03MB
Using GPU
Args in experiment:
[1mBasic Config[0m
  Task Name:          classification      Is Training:        1                   
  Model ID:           CLS_FingerMovements Model:              DLinear             

[1mData Loader[0m
  Data:               UEA                 Root Path:          /data/yoom618/TSLib/dataset/FingerMovements
  Data Path:          ETTh1.csv           Features:           M                   
  Target:             OT                  Freq:               h                   
  Checkpoints:        /data/yoom618/TSLib/checkpoints

[1mModel Parameters[0m
  Top k:              5                   Num Kernels:        6                   
  Enc In:             28                  Dec In:             7                   
  C Out:              0                   d model:            512                 
  n heads:            8                   e layers:           2                   
  d layers:           1                   d FF:               2048                
  Moving Avg:         18                  Factor:             1                   
  Distil:             1                   Dropout:            0.1                 
  Embed:              timeF               Activation:         gelu                

[1mRun Parameters[0m
  Num Workers:        10                  Itr:                1                   
  Train Epochs:       100                 Batch Size:         16                  
  Patience:           10                  Learning Rate:      0.001               
  Des:                Exp                 Loss:               MSE                 
  Lradj:              type1               Use Amp:            0                   

[1mGPU[0m
  Use GPU:            1                   GPU:                0                   
  Use Multi GPU:      0                   Devices:            0,1,2,3             

[1mDe-stationary Projector Params[0m
  P Hidden Dims:      128, 128            P Hidden Layers:    2                   

316
100
>>>>>>>start training : classification_CLS_FingerMovements_DLinear_UEA_ftM_sl50_ll0_pl0_ma18_Exp_0>>>>>>>>>>>>>>>>>>>>>>>>>>
316
100
100
Epoch: 1 cost time: 3.8486456871032715
Epoch: 1, Steps: 20 | Train Loss: 0.703 Vali Loss: 0.730 Vali Acc: 0.460 Test Loss: 0.730 Test Acc: 0.460
Validation loss decreased (inf --> -0.459993).  Saving model ...
Epoch: 2 cost time: 1.5726714134216309
Epoch: 2, Steps: 20 | Train Loss: 0.690 Vali Loss: 0.728 Vali Acc: 0.420 Test Loss: 0.728 Test Acc: 0.420
EarlyStopping counter: 1 out of 10
Epoch: 3 cost time: 1.8409628868103027
Epoch: 3, Steps: 20 | Train Loss: 0.705 Vali Loss: 0.726 Vali Acc: 0.530 Test Loss: 0.726 Test Acc: 0.530
Validation loss decreased (-0.459993 --> -0.529993).  Saving model ...
Epoch: 4 cost time: 1.3624894618988037
Epoch: 4, Steps: 20 | Train Loss: 0.689 Vali Loss: 0.739 Vali Acc: 0.440 Test Loss: 0.739 Test Acc: 0.440
EarlyStopping counter: 1 out of 10
Epoch: 5 cost time: 1.5455944538116455
Epoch: 5, Steps: 20 | Train Loss: 0.694 Vali Loss: 0.729 Vali Acc: 0.460 Test Loss: 0.729 Test Acc: 0.460
EarlyStopping counter: 2 out of 10
Epoch: 6 cost time: 1.8250839710235596
Epoch: 6, Steps: 20 | Train Loss: 0.714 Vali Loss: 0.730 Vali Acc: 0.520 Test Loss: 0.730 Test Acc: 0.520
EarlyStopping counter: 3 out of 10
Epoch: 7 cost time: 1.6954388618469238
Epoch: 7, Steps: 20 | Train Loss: 0.689 Vali Loss: 0.728 Vali Acc: 0.420 Test Loss: 0.728 Test Acc: 0.420
EarlyStopping counter: 4 out of 10
Epoch: 8 cost time: 1.978355884552002
Epoch: 8, Steps: 20 | Train Loss: 0.656 Vali Loss: 0.711 Vali Acc: 0.520 Test Loss: 0.711 Test Acc: 0.520
EarlyStopping counter: 5 out of 10
Epoch: 9 cost time: 2.0944037437438965
Epoch: 9, Steps: 20 | Train Loss: 0.656 Vali Loss: 0.916 Vali Acc: 0.450 Test Loss: 0.916 Test Acc: 0.450
EarlyStopping counter: 6 out of 10
Epoch: 10 cost time: 1.567528486251831
Epoch: 10, Steps: 20 | Train Loss: 0.721 Vali Loss: 0.753 Vali Acc: 0.460 Test Loss: 0.753 Test Acc: 0.460
EarlyStopping counter: 7 out of 10
Epoch: 11 cost time: 1.6454699039459229
Epoch: 11, Steps: 20 | Train Loss: 0.661 Vali Loss: 0.782 Vali Acc: 0.520 Test Loss: 0.782 Test Acc: 0.520
EarlyStopping counter: 8 out of 10
Epoch: 12 cost time: 1.5180332660675049
Epoch: 12, Steps: 20 | Train Loss: 0.681 Vali Loss: 0.751 Vali Acc: 0.400 Test Loss: 0.751 Test Acc: 0.400
EarlyStopping counter: 9 out of 10
Epoch: 13 cost time: 1.611856460571289
Epoch: 13, Steps: 20 | Train Loss: 0.654 Vali Loss: 0.737 Vali Acc: 0.500 Test Loss: 0.737 Test Acc: 0.500
EarlyStopping counter: 10 out of 10
Early stopping
>>>>>>>testing : classification_CLS_FingerMovements_DLinear_UEA_ftM_sl50_ll0_pl0_ma18_Exp_0<<<<<<<<<<<<<<<<<<<<<<<<<<<<<<<<<
100
test shape: torch.Size([100, 2]) torch.Size([100, 1])
accuracy:0.53
model parameter : 7902
model size : 0.03MB
Using GPU
Args in experiment:
[1mBasic Config[0m
  Task Name:          classification      Is Training:        1                   
  Model ID:           CLS_FingerMovements Model:              DLinear             

[1mData Loader[0m
  Data:               UEA                 Root Path:          /data/yoom618/TSLib/dataset/FingerMovements
  Data Path:          ETTh1.csv           Features:           M                   
  Target:             OT                  Freq:               h                   
  Checkpoints:        /data/yoom618/TSLib/checkpoints

[1mModel Parameters[0m
  Top k:              5                   Num Kernels:        6                   
  Enc In:             28                  Dec In:             7                   
  C Out:              0                   d model:            512                 
  n heads:            8                   e layers:           2                   
  d layers:           1                   d FF:               2048                
  Moving Avg:         15                  Factor:             1                   
  Distil:             1                   Dropout:            0.1                 
  Embed:              timeF               Activation:         gelu                

[1mRun Parameters[0m
  Num Workers:        10                  Itr:                1                   
  Train Epochs:       100                 Batch Size:         16                  
  Patience:           10                  Learning Rate:      0.001               
  Des:                Exp                 Loss:               MSE                 
  Lradj:              type1               Use Amp:            0                   

[1mGPU[0m
  Use GPU:            1                   GPU:                0                   
  Use Multi GPU:      0                   Devices:            0,1,2,3             

[1mDe-stationary Projector Params[0m
  P Hidden Dims:      128, 128            P Hidden Layers:    2                   

316
100
>>>>>>>start training : classification_CLS_FingerMovements_DLinear_UEA_ftM_sl50_ll0_pl0_ma15_Exp_0>>>>>>>>>>>>>>>>>>>>>>>>>>
316
100
100
Epoch: 1 cost time: 3.267923593521118
Epoch: 1, Steps: 20 | Train Loss: 0.703 Vali Loss: 0.730 Vali Acc: 0.460 Test Loss: 0.730 Test Acc: 0.460
Validation loss decreased (inf --> -0.459993).  Saving model ...
Epoch: 2 cost time: 1.1861865520477295
Epoch: 2, Steps: 20 | Train Loss: 0.690 Vali Loss: 0.728 Vali Acc: 0.420 Test Loss: 0.728 Test Acc: 0.420
EarlyStopping counter: 1 out of 10
Epoch: 3 cost time: 1.5422601699829102
Epoch: 3, Steps: 20 | Train Loss: 0.705 Vali Loss: 0.725 Vali Acc: 0.530 Test Loss: 0.725 Test Acc: 0.530
Validation loss decreased (-0.459993 --> -0.529993).  Saving model ...
Epoch: 4 cost time: 1.6684598922729492
Epoch: 4, Steps: 20 | Train Loss: 0.689 Vali Loss: 0.739 Vali Acc: 0.450 Test Loss: 0.739 Test Acc: 0.450
EarlyStopping counter: 1 out of 10
Epoch: 5 cost time: 1.3805086612701416
Epoch: 5, Steps: 20 | Train Loss: 0.694 Vali Loss: 0.729 Vali Acc: 0.460 Test Loss: 0.729 Test Acc: 0.460
EarlyStopping counter: 2 out of 10
Epoch: 6 cost time: 1.391819953918457
Epoch: 6, Steps: 20 | Train Loss: 0.714 Vali Loss: 0.730 Vali Acc: 0.520 Test Loss: 0.730 Test Acc: 0.520
EarlyStopping counter: 3 out of 10
Epoch: 7 cost time: 1.3148317337036133
Epoch: 7, Steps: 20 | Train Loss: 0.689 Vali Loss: 0.728 Vali Acc: 0.420 Test Loss: 0.728 Test Acc: 0.420
EarlyStopping counter: 4 out of 10
Epoch: 8 cost time: 1.2561402320861816
Epoch: 8, Steps: 20 | Train Loss: 0.655 Vali Loss: 0.711 Vali Acc: 0.520 Test Loss: 0.711 Test Acc: 0.520
EarlyStopping counter: 5 out of 10
Epoch: 9 cost time: 0.9264955520629883
Epoch: 9, Steps: 20 | Train Loss: 0.656 Vali Loss: 0.917 Vali Acc: 0.450 Test Loss: 0.917 Test Acc: 0.450
EarlyStopping counter: 6 out of 10
Epoch: 10 cost time: 1.2114779949188232
Epoch: 10, Steps: 20 | Train Loss: 0.720 Vali Loss: 0.752 Vali Acc: 0.460 Test Loss: 0.752 Test Acc: 0.460
EarlyStopping counter: 7 out of 10
Epoch: 11 cost time: 1.4708242416381836
Epoch: 11, Steps: 20 | Train Loss: 0.660 Vali Loss: 0.782 Vali Acc: 0.520 Test Loss: 0.782 Test Acc: 0.520
EarlyStopping counter: 8 out of 10
Epoch: 12 cost time: 1.4659104347229004
Epoch: 12, Steps: 20 | Train Loss: 0.680 Vali Loss: 0.751 Vali Acc: 0.410 Test Loss: 0.751 Test Acc: 0.410
EarlyStopping counter: 9 out of 10
Epoch: 13 cost time: 1.2441234588623047
Epoch: 13, Steps: 20 | Train Loss: 0.654 Vali Loss: 0.737 Vali Acc: 0.510 Test Loss: 0.737 Test Acc: 0.510
EarlyStopping counter: 10 out of 10
Early stopping
>>>>>>>testing : classification_CLS_FingerMovements_DLinear_UEA_ftM_sl50_ll0_pl0_ma15_Exp_0<<<<<<<<<<<<<<<<<<<<<<<<<<<<<<<<<
100
test shape: torch.Size([100, 2]) torch.Size([100, 1])
accuracy:0.53
model parameter : 7902
model size : 0.03MB
Using GPU
Args in experiment:
[1mBasic Config[0m
  Task Name:          classification      Is Training:        1                   
  Model ID:           CLS_FingerMovements Model:              DLinear             

[1mData Loader[0m
  Data:               UEA                 Root Path:          /data/yoom618/TSLib/dataset/FingerMovements
  Data Path:          ETTh1.csv           Features:           M                   
  Target:             OT                  Freq:               h                   
  Checkpoints:        /data/yoom618/TSLib/checkpoints

[1mModel Parameters[0m
  Top k:              5                   Num Kernels:        6                   
  Enc In:             28                  Dec In:             7                   
  C Out:              0                   d model:            512                 
  n heads:            8                   e layers:           2                   
  d layers:           1                   d FF:               2048                
  Moving Avg:         13                  Factor:             1                   
  Distil:             1                   Dropout:            0.1                 
  Embed:              timeF               Activation:         gelu                

[1mRun Parameters[0m
  Num Workers:        10                  Itr:                1                   
  Train Epochs:       100                 Batch Size:         16                  
  Patience:           10                  Learning Rate:      0.001               
  Des:                Exp                 Loss:               MSE                 
  Lradj:              type1               Use Amp:            0                   

[1mGPU[0m
  Use GPU:            1                   GPU:                0                   
  Use Multi GPU:      0                   Devices:            0,1,2,3             

[1mDe-stationary Projector Params[0m
  P Hidden Dims:      128, 128            P Hidden Layers:    2                   

316
100
>>>>>>>start training : classification_CLS_FingerMovements_DLinear_UEA_ftM_sl50_ll0_pl0_ma13_Exp_0>>>>>>>>>>>>>>>>>>>>>>>>>>
316
100
100
Epoch: 1 cost time: 3.462629795074463
Epoch: 1, Steps: 20 | Train Loss: 0.703 Vali Loss: 0.730 Vali Acc: 0.460 Test Loss: 0.730 Test Acc: 0.460
Validation loss decreased (inf --> -0.459993).  Saving model ...
Epoch: 2 cost time: 1.4004015922546387
Epoch: 2, Steps: 20 | Train Loss: 0.690 Vali Loss: 0.728 Vali Acc: 0.420 Test Loss: 0.728 Test Acc: 0.420
EarlyStopping counter: 1 out of 10
Epoch: 3 cost time: 1.972477912902832
Epoch: 3, Steps: 20 | Train Loss: 0.705 Vali Loss: 0.726 Vali Acc: 0.530 Test Loss: 0.726 Test Acc: 0.530
Validation loss decreased (-0.459993 --> -0.529993).  Saving model ...
Epoch: 4 cost time: 1.5379760265350342
Epoch: 4, Steps: 20 | Train Loss: 0.688 Vali Loss: 0.739 Vali Acc: 0.460 Test Loss: 0.739 Test Acc: 0.460
EarlyStopping counter: 1 out of 10
Epoch: 5 cost time: 1.460327386856079
Epoch: 5, Steps: 20 | Train Loss: 0.694 Vali Loss: 0.729 Vali Acc: 0.460 Test Loss: 0.729 Test Acc: 0.460
EarlyStopping counter: 2 out of 10
Epoch: 6 cost time: 1.4897584915161133
Epoch: 6, Steps: 20 | Train Loss: 0.714 Vali Loss: 0.730 Vali Acc: 0.530 Test Loss: 0.730 Test Acc: 0.530
EarlyStopping counter: 3 out of 10
Epoch: 7 cost time: 1.9586608409881592
Epoch: 7, Steps: 20 | Train Loss: 0.688 Vali Loss: 0.728 Vali Acc: 0.440 Test Loss: 0.728 Test Acc: 0.440
EarlyStopping counter: 4 out of 10
Epoch: 8 cost time: 1.801379680633545
Epoch: 8, Steps: 20 | Train Loss: 0.655 Vali Loss: 0.711 Vali Acc: 0.510 Test Loss: 0.711 Test Acc: 0.510
EarlyStopping counter: 5 out of 10
Epoch: 9 cost time: 1.6834826469421387
Epoch: 9, Steps: 20 | Train Loss: 0.656 Vali Loss: 0.918 Vali Acc: 0.440 Test Loss: 0.918 Test Acc: 0.440
EarlyStopping counter: 6 out of 10
Epoch: 10 cost time: 1.7135584354400635
Epoch: 10, Steps: 20 | Train Loss: 0.720 Vali Loss: 0.752 Vali Acc: 0.490 Test Loss: 0.752 Test Acc: 0.490
EarlyStopping counter: 7 out of 10
Epoch: 11 cost time: 1.4571356773376465
Epoch: 11, Steps: 20 | Train Loss: 0.659 Vali Loss: 0.782 Vali Acc: 0.520 Test Loss: 0.782 Test Acc: 0.520
EarlyStopping counter: 8 out of 10
Epoch: 12 cost time: 1.4552619457244873
Epoch: 12, Steps: 20 | Train Loss: 0.680 Vali Loss: 0.752 Vali Acc: 0.420 Test Loss: 0.752 Test Acc: 0.420
EarlyStopping counter: 9 out of 10
Epoch: 13 cost time: 1.6098699569702148
Epoch: 13, Steps: 20 | Train Loss: 0.653 Vali Loss: 0.737 Vali Acc: 0.520 Test Loss: 0.737 Test Acc: 0.520
EarlyStopping counter: 10 out of 10
Early stopping
>>>>>>>testing : classification_CLS_FingerMovements_DLinear_UEA_ftM_sl50_ll0_pl0_ma13_Exp_0<<<<<<<<<<<<<<<<<<<<<<<<<<<<<<<<<
100
test shape: torch.Size([100, 2]) torch.Size([100, 1])
accuracy:0.53
model parameter : 7902
model size : 0.03MB
Using GPU
Args in experiment:
[1mBasic Config[0m
  Task Name:          classification      Is Training:        1                   
  Model ID:           CLS_FingerMovements Model:              DLinear             

[1mData Loader[0m
  Data:               UEA                 Root Path:          /data/yoom618/TSLib/dataset/FingerMovements
  Data Path:          ETTh1.csv           Features:           M                   
  Target:             OT                  Freq:               h                   
  Checkpoints:        /data/yoom618/TSLib/checkpoints

[1mModel Parameters[0m
  Top k:              5                   Num Kernels:        6                   
  Enc In:             28                  Dec In:             7                   
  C Out:              0                   d model:            512                 
  n heads:            8                   e layers:           2                   
  d layers:           1                   d FF:               2048                
  Moving Avg:         10                  Factor:             1                   
  Distil:             1                   Dropout:            0.1                 
  Embed:              timeF               Activation:         gelu                

[1mRun Parameters[0m
  Num Workers:        10                  Itr:                1                   
  Train Epochs:       100                 Batch Size:         16                  
  Patience:           10                  Learning Rate:      0.001               
  Des:                Exp                 Loss:               MSE                 
  Lradj:              type1               Use Amp:            0                   

[1mGPU[0m
  Use GPU:            1                   GPU:                0                   
  Use Multi GPU:      0                   Devices:            0,1,2,3             

[1mDe-stationary Projector Params[0m
  P Hidden Dims:      128, 128            P Hidden Layers:    2                   

316
100
>>>>>>>start training : classification_CLS_FingerMovements_DLinear_UEA_ftM_sl50_ll0_pl0_ma10_Exp_0>>>>>>>>>>>>>>>>>>>>>>>>>>
316
100
100
Epoch: 1 cost time: 4.401280641555786
Epoch: 1, Steps: 20 | Train Loss: 0.703 Vali Loss: 0.730 Vali Acc: 0.460 Test Loss: 0.730 Test Acc: 0.460
Validation loss decreased (inf --> -0.459993).  Saving model ...
Epoch: 2 cost time: 1.5825953483581543
Epoch: 2, Steps: 20 | Train Loss: 0.690 Vali Loss: 0.728 Vali Acc: 0.420 Test Loss: 0.728 Test Acc: 0.420
EarlyStopping counter: 1 out of 10
Epoch: 3 cost time: 1.438852310180664
Epoch: 3, Steps: 20 | Train Loss: 0.705 Vali Loss: 0.726 Vali Acc: 0.530 Test Loss: 0.726 Test Acc: 0.530
Validation loss decreased (-0.459993 --> -0.529993).  Saving model ...
Epoch: 4 cost time: 1.6546106338500977
Epoch: 4, Steps: 20 | Train Loss: 0.689 Vali Loss: 0.739 Vali Acc: 0.460 Test Loss: 0.739 Test Acc: 0.460
EarlyStopping counter: 1 out of 10
Epoch: 5 cost time: 1.5073437690734863
Epoch: 5, Steps: 20 | Train Loss: 0.694 Vali Loss: 0.729 Vali Acc: 0.460 Test Loss: 0.729 Test Acc: 0.460
EarlyStopping counter: 2 out of 10
Epoch: 6 cost time: 1.7472615242004395
Epoch: 6, Steps: 20 | Train Loss: 0.714 Vali Loss: 0.731 Vali Acc: 0.520 Test Loss: 0.731 Test Acc: 0.520
EarlyStopping counter: 3 out of 10
Epoch: 7 cost time: 1.4960401058197021
Epoch: 7, Steps: 20 | Train Loss: 0.689 Vali Loss: 0.729 Vali Acc: 0.450 Test Loss: 0.729 Test Acc: 0.450
EarlyStopping counter: 4 out of 10
Epoch: 8 cost time: 1.7575435638427734
Epoch: 8, Steps: 20 | Train Loss: 0.655 Vali Loss: 0.711 Vali Acc: 0.510 Test Loss: 0.711 Test Acc: 0.510
EarlyStopping counter: 5 out of 10
Epoch: 9 cost time: 1.8922338485717773
Epoch: 9, Steps: 20 | Train Loss: 0.656 Vali Loss: 0.918 Vali Acc: 0.440 Test Loss: 0.918 Test Acc: 0.440
EarlyStopping counter: 6 out of 10
Epoch: 10 cost time: 1.2967369556427002
Epoch: 10, Steps: 20 | Train Loss: 0.721 Vali Loss: 0.751 Vali Acc: 0.470 Test Loss: 0.751 Test Acc: 0.470
EarlyStopping counter: 7 out of 10
Epoch: 11 cost time: 1.6157276630401611
Epoch: 11, Steps: 20 | Train Loss: 0.660 Vali Loss: 0.782 Vali Acc: 0.510 Test Loss: 0.782 Test Acc: 0.510
EarlyStopping counter: 8 out of 10
Epoch: 12 cost time: 1.7437293529510498
Epoch: 12, Steps: 20 | Train Loss: 0.680 Vali Loss: 0.751 Vali Acc: 0.420 Test Loss: 0.751 Test Acc: 0.420
EarlyStopping counter: 9 out of 10
Epoch: 13 cost time: 1.873901128768921
Epoch: 13, Steps: 20 | Train Loss: 0.653 Vali Loss: 0.737 Vali Acc: 0.510 Test Loss: 0.737 Test Acc: 0.510
EarlyStopping counter: 10 out of 10
Early stopping
>>>>>>>testing : classification_CLS_FingerMovements_DLinear_UEA_ftM_sl50_ll0_pl0_ma10_Exp_0<<<<<<<<<<<<<<<<<<<<<<<<<<<<<<<<<
100
test shape: torch.Size([100, 2]) torch.Size([100, 1])
accuracy:0.53
model parameter : 7902
model size : 0.03MB
Using GPU
Args in experiment:
[1mBasic Config[0m
  Task Name:          classification      Is Training:        1                   
  Model ID:           CLS_FingerMovements Model:              DLinear             

[1mData Loader[0m
  Data:               UEA                 Root Path:          /data/yoom618/TSLib/dataset/FingerMovements
  Data Path:          ETTh1.csv           Features:           M                   
  Target:             OT                  Freq:               h                   
  Checkpoints:        /data/yoom618/TSLib/checkpoints

[1mModel Parameters[0m
  Top k:              5                   Num Kernels:        6                   
  Enc In:             28                  Dec In:             7                   
  C Out:              0                   d model:            512                 
  n heads:            8                   e layers:           2                   
  d layers:           1                   d FF:               2048                
  Moving Avg:         8                   Factor:             1                   
  Distil:             1                   Dropout:            0.1                 
  Embed:              timeF               Activation:         gelu                

[1mRun Parameters[0m
  Num Workers:        10                  Itr:                1                   
  Train Epochs:       100                 Batch Size:         16                  
  Patience:           10                  Learning Rate:      0.001               
  Des:                Exp                 Loss:               MSE                 
  Lradj:              type1               Use Amp:            0                   

[1mGPU[0m
  Use GPU:            1                   GPU:                0                   
  Use Multi GPU:      0                   Devices:            0,1,2,3             

[1mDe-stationary Projector Params[0m
  P Hidden Dims:      128, 128            P Hidden Layers:    2                   

316
100
>>>>>>>start training : classification_CLS_FingerMovements_DLinear_UEA_ftM_sl50_ll0_pl0_ma8_Exp_0>>>>>>>>>>>>>>>>>>>>>>>>>>
316
100
100
Epoch: 1 cost time: 3.2090659141540527
Epoch: 1, Steps: 20 | Train Loss: 0.703 Vali Loss: 0.730 Vali Acc: 0.460 Test Loss: 0.730 Test Acc: 0.460
Validation loss decreased (inf --> -0.459993).  Saving model ...
Epoch: 2 cost time: 1.5564887523651123
Epoch: 2, Steps: 20 | Train Loss: 0.690 Vali Loss: 0.728 Vali Acc: 0.420 Test Loss: 0.728 Test Acc: 0.420
EarlyStopping counter: 1 out of 10
Epoch: 3 cost time: 1.455369472503662
Epoch: 3, Steps: 20 | Train Loss: 0.705 Vali Loss: 0.726 Vali Acc: 0.530 Test Loss: 0.726 Test Acc: 0.530
Validation loss decreased (-0.459993 --> -0.529993).  Saving model ...
Epoch: 4 cost time: 1.424536943435669
Epoch: 4, Steps: 20 | Train Loss: 0.689 Vali Loss: 0.739 Vali Acc: 0.450 Test Loss: 0.739 Test Acc: 0.450
EarlyStopping counter: 1 out of 10
Epoch: 5 cost time: 1.4830873012542725
Epoch: 5, Steps: 20 | Train Loss: 0.694 Vali Loss: 0.729 Vali Acc: 0.460 Test Loss: 0.729 Test Acc: 0.460
EarlyStopping counter: 2 out of 10
Epoch: 6 cost time: 1.808945655822754
Epoch: 6, Steps: 20 | Train Loss: 0.715 Vali Loss: 0.731 Vali Acc: 0.520 Test Loss: 0.731 Test Acc: 0.520
EarlyStopping counter: 3 out of 10
Epoch: 7 cost time: 1.6469643115997314
Epoch: 7, Steps: 20 | Train Loss: 0.690 Vali Loss: 0.729 Vali Acc: 0.430 Test Loss: 0.729 Test Acc: 0.430
EarlyStopping counter: 4 out of 10
Epoch: 8 cost time: 1.5371737480163574
Epoch: 8, Steps: 20 | Train Loss: 0.655 Vali Loss: 0.711 Vali Acc: 0.500 Test Loss: 0.711 Test Acc: 0.500
EarlyStopping counter: 5 out of 10
Epoch: 9 cost time: 1.56111741065979
Epoch: 9, Steps: 20 | Train Loss: 0.657 Vali Loss: 0.917 Vali Acc: 0.440 Test Loss: 0.917 Test Acc: 0.440
EarlyStopping counter: 6 out of 10
Epoch: 10 cost time: 1.601393699645996
Epoch: 10, Steps: 20 | Train Loss: 0.721 Vali Loss: 0.751 Vali Acc: 0.460 Test Loss: 0.751 Test Acc: 0.460
EarlyStopping counter: 7 out of 10
Epoch: 11 cost time: 1.5205283164978027
Epoch: 11, Steps: 20 | Train Loss: 0.660 Vali Loss: 0.781 Vali Acc: 0.500 Test Loss: 0.781 Test Acc: 0.500
EarlyStopping counter: 8 out of 10
Epoch: 12 cost time: 1.7323799133300781
Epoch: 12, Steps: 20 | Train Loss: 0.681 Vali Loss: 0.750 Vali Acc: 0.420 Test Loss: 0.750 Test Acc: 0.420
EarlyStopping counter: 9 out of 10
Epoch: 13 cost time: 1.6002702713012695
Epoch: 13, Steps: 20 | Train Loss: 0.654 Vali Loss: 0.736 Vali Acc: 0.510 Test Loss: 0.736 Test Acc: 0.510
EarlyStopping counter: 10 out of 10
Early stopping
>>>>>>>testing : classification_CLS_FingerMovements_DLinear_UEA_ftM_sl50_ll0_pl0_ma8_Exp_0<<<<<<<<<<<<<<<<<<<<<<<<<<<<<<<<<
100
test shape: torch.Size([100, 2]) torch.Size([100, 1])
accuracy:0.53
model parameter : 7902
model size : 0.03MB
Using GPU
Args in experiment:
[1mBasic Config[0m
  Task Name:          classification      Is Training:        1                   
  Model ID:           CLS_FingerMovements Model:              DLinear             

[1mData Loader[0m
  Data:               UEA                 Root Path:          /data/yoom618/TSLib/dataset/FingerMovements
  Data Path:          ETTh1.csv           Features:           M                   
  Target:             OT                  Freq:               h                   
  Checkpoints:        /data/yoom618/TSLib/checkpoints

[1mModel Parameters[0m
  Top k:              5                   Num Kernels:        6                   
  Enc In:             28                  Dec In:             7                   
  C Out:              0                   d model:            512                 
  n heads:            8                   e layers:           2                   
  d layers:           1                   d FF:               2048                
  Moving Avg:         5                   Factor:             1                   
  Distil:             1                   Dropout:            0.1                 
  Embed:              timeF               Activation:         gelu                

[1mRun Parameters[0m
  Num Workers:        10                  Itr:                1                   
  Train Epochs:       100                 Batch Size:         16                  
  Patience:           10                  Learning Rate:      0.001               
  Des:                Exp                 Loss:               MSE                 
  Lradj:              type1               Use Amp:            0                   

[1mGPU[0m
  Use GPU:            1                   GPU:                0                   
  Use Multi GPU:      0                   Devices:            0,1,2,3             

[1mDe-stationary Projector Params[0m
  P Hidden Dims:      128, 128            P Hidden Layers:    2                   

316
100
>>>>>>>start training : classification_CLS_FingerMovements_DLinear_UEA_ftM_sl50_ll0_pl0_ma5_Exp_0>>>>>>>>>>>>>>>>>>>>>>>>>>
316
100
100
Epoch: 1 cost time: 3.963914155960083
Epoch: 1, Steps: 20 | Train Loss: 0.703 Vali Loss: 0.730 Vali Acc: 0.460 Test Loss: 0.730 Test Acc: 0.460
Validation loss decreased (inf --> -0.459993).  Saving model ...
Epoch: 2 cost time: 1.4161434173583984
Epoch: 2, Steps: 20 | Train Loss: 0.690 Vali Loss: 0.728 Vali Acc: 0.420 Test Loss: 0.728 Test Acc: 0.420
EarlyStopping counter: 1 out of 10
Epoch: 3 cost time: 1.2205662727355957
Epoch: 3, Steps: 20 | Train Loss: 0.706 Vali Loss: 0.725 Vali Acc: 0.530 Test Loss: 0.725 Test Acc: 0.530
Validation loss decreased (-0.459993 --> -0.529993).  Saving model ...
Epoch: 4 cost time: 1.3920035362243652
Epoch: 4, Steps: 20 | Train Loss: 0.689 Vali Loss: 0.739 Vali Acc: 0.440 Test Loss: 0.739 Test Acc: 0.440
EarlyStopping counter: 1 out of 10
Epoch: 5 cost time: 1.3624801635742188
Epoch: 5, Steps: 20 | Train Loss: 0.695 Vali Loss: 0.729 Vali Acc: 0.460 Test Loss: 0.729 Test Acc: 0.460
EarlyStopping counter: 2 out of 10
Epoch: 6 cost time: 1.7450203895568848
Epoch: 6, Steps: 20 | Train Loss: 0.715 Vali Loss: 0.730 Vali Acc: 0.520 Test Loss: 0.730 Test Acc: 0.520
EarlyStopping counter: 3 out of 10
Epoch: 7 cost time: 1.3768484592437744
Epoch: 7, Steps: 20 | Train Loss: 0.690 Vali Loss: 0.729 Vali Acc: 0.430 Test Loss: 0.729 Test Acc: 0.430
EarlyStopping counter: 4 out of 10
Epoch: 8 cost time: 1.6280803680419922
Epoch: 8, Steps: 20 | Train Loss: 0.656 Vali Loss: 0.710 Vali Acc: 0.500 Test Loss: 0.710 Test Acc: 0.500
EarlyStopping counter: 5 out of 10
Epoch: 9 cost time: 1.6497323513031006
Epoch: 9, Steps: 20 | Train Loss: 0.657 Vali Loss: 0.915 Vali Acc: 0.440 Test Loss: 0.915 Test Acc: 0.440
EarlyStopping counter: 6 out of 10
Epoch: 10 cost time: 1.2072176933288574
Epoch: 10, Steps: 20 | Train Loss: 0.721 Vali Loss: 0.751 Vali Acc: 0.450 Test Loss: 0.751 Test Acc: 0.450
EarlyStopping counter: 7 out of 10
Epoch: 11 cost time: 1.2527647018432617
Epoch: 11, Steps: 20 | Train Loss: 0.661 Vali Loss: 0.782 Vali Acc: 0.510 Test Loss: 0.782 Test Acc: 0.510
EarlyStopping counter: 8 out of 10
Epoch: 12 cost time: 1.647315263748169
Epoch: 12, Steps: 20 | Train Loss: 0.681 Vali Loss: 0.748 Vali Acc: 0.420 Test Loss: 0.748 Test Acc: 0.420
EarlyStopping counter: 9 out of 10
Epoch: 13 cost time: 1.3272876739501953
Epoch: 13, Steps: 20 | Train Loss: 0.655 Vali Loss: 0.734 Vali Acc: 0.490 Test Loss: 0.734 Test Acc: 0.490
EarlyStopping counter: 10 out of 10
Early stopping
>>>>>>>testing : classification_CLS_FingerMovements_DLinear_UEA_ftM_sl50_ll0_pl0_ma5_Exp_0<<<<<<<<<<<<<<<<<<<<<<<<<<<<<<<<<
100
test shape: torch.Size([100, 2]) torch.Size([100, 1])
accuracy:0.53
model parameter : 7902
model size : 0.03MB
Using GPU
Args in experiment:
[1mBasic Config[0m
  Task Name:          classification      Is Training:        1                   
  Model ID:           CLS_FingerMovements Model:              DLinear             

[1mData Loader[0m
  Data:               UEA                 Root Path:          /data/yoom618/TSLib/dataset/FingerMovements
  Data Path:          ETTh1.csv           Features:           M                   
  Target:             OT                  Freq:               h                   
  Checkpoints:        /data/yoom618/TSLib/checkpoints

[1mModel Parameters[0m
  Top k:              5                   Num Kernels:        6                   
  Enc In:             28                  Dec In:             7                   
  C Out:              0                   d model:            512                 
  n heads:            8                   e layers:           2                   
  d layers:           1                   d FF:               2048                
  Moving Avg:         3                   Factor:             1                   
  Distil:             1                   Dropout:            0.1                 
  Embed:              timeF               Activation:         gelu                

[1mRun Parameters[0m
  Num Workers:        10                  Itr:                1                   
  Train Epochs:       100                 Batch Size:         16                  
  Patience:           10                  Learning Rate:      0.001               
  Des:                Exp                 Loss:               MSE                 
  Lradj:              type1               Use Amp:            0                   

[1mGPU[0m
  Use GPU:            1                   GPU:                0                   
  Use Multi GPU:      0                   Devices:            0,1,2,3             

[1mDe-stationary Projector Params[0m
  P Hidden Dims:      128, 128            P Hidden Layers:    2                   

316
100
>>>>>>>start training : classification_CLS_FingerMovements_DLinear_UEA_ftM_sl50_ll0_pl0_ma3_Exp_0>>>>>>>>>>>>>>>>>>>>>>>>>>
316
100
100
Epoch: 1 cost time: 3.7246410846710205
Epoch: 1, Steps: 20 | Train Loss: 0.703 Vali Loss: 0.730 Vali Acc: 0.460 Test Loss: 0.730 Test Acc: 0.460
Validation loss decreased (inf --> -0.459993).  Saving model ...
Epoch: 2 cost time: 1.5580165386199951
Epoch: 2, Steps: 20 | Train Loss: 0.690 Vali Loss: 0.727 Vali Acc: 0.420 Test Loss: 0.727 Test Acc: 0.420
EarlyStopping counter: 1 out of 10
Epoch: 3 cost time: 1.8496356010437012
Epoch: 3, Steps: 20 | Train Loss: 0.706 Vali Loss: 0.725 Vali Acc: 0.530 Test Loss: 0.725 Test Acc: 0.530
Validation loss decreased (-0.459993 --> -0.529993).  Saving model ...
Epoch: 4 cost time: 1.2904088497161865
Epoch: 4, Steps: 20 | Train Loss: 0.690 Vali Loss: 0.737 Vali Acc: 0.450 Test Loss: 0.737 Test Acc: 0.450
EarlyStopping counter: 1 out of 10
Epoch: 5 cost time: 1.8824052810668945
Epoch: 5, Steps: 20 | Train Loss: 0.695 Vali Loss: 0.728 Vali Acc: 0.450 Test Loss: 0.728 Test Acc: 0.450
EarlyStopping counter: 2 out of 10
Epoch: 6 cost time: 1.8378000259399414
Epoch: 6, Steps: 20 | Train Loss: 0.716 Vali Loss: 0.729 Vali Acc: 0.540 Test Loss: 0.729 Test Acc: 0.540
Validation loss decreased (-0.529993 --> -0.539993).  Saving model ...
Epoch: 7 cost time: 2.175034761428833
Epoch: 7, Steps: 20 | Train Loss: 0.692 Vali Loss: 0.726 Vali Acc: 0.460 Test Loss: 0.726 Test Acc: 0.460
EarlyStopping counter: 1 out of 10
Epoch: 8 cost time: 1.9790410995483398
Epoch: 8, Steps: 20 | Train Loss: 0.658 Vali Loss: 0.708 Vali Acc: 0.500 Test Loss: 0.708 Test Acc: 0.500
EarlyStopping counter: 2 out of 10
Epoch: 9 cost time: 2.015704870223999
Epoch: 9, Steps: 20 | Train Loss: 0.659 Vali Loss: 0.910 Vali Acc: 0.450 Test Loss: 0.910 Test Acc: 0.450
EarlyStopping counter: 3 out of 10
Epoch: 10 cost time: 1.9066381454467773
Epoch: 10, Steps: 20 | Train Loss: 0.723 Vali Loss: 0.748 Vali Acc: 0.440 Test Loss: 0.748 Test Acc: 0.440
EarlyStopping counter: 4 out of 10
Epoch: 11 cost time: 1.9373011589050293
Epoch: 11, Steps: 20 | Train Loss: 0.664 Vali Loss: 0.778 Vali Acc: 0.520 Test Loss: 0.778 Test Acc: 0.520
EarlyStopping counter: 5 out of 10
Epoch: 12 cost time: 1.6309738159179688
Epoch: 12, Steps: 20 | Train Loss: 0.683 Vali Loss: 0.744 Vali Acc: 0.440 Test Loss: 0.744 Test Acc: 0.440
EarlyStopping counter: 6 out of 10
Epoch: 13 cost time: 1.6787192821502686
Epoch: 13, Steps: 20 | Train Loss: 0.658 Vali Loss: 0.731 Vali Acc: 0.500 Test Loss: 0.731 Test Acc: 0.500
EarlyStopping counter: 7 out of 10
Epoch: 14 cost time: 1.6861228942871094
Epoch: 14, Steps: 20 | Train Loss: 0.677 Vali Loss: 0.732 Vali Acc: 0.530 Test Loss: 0.732 Test Acc: 0.530
EarlyStopping counter: 8 out of 10
Epoch: 15 cost time: 1.9067635536193848
Epoch: 15, Steps: 20 | Train Loss: 0.653 Vali Loss: 0.765 Vali Acc: 0.450 Test Loss: 0.765 Test Acc: 0.450
EarlyStopping counter: 9 out of 10
Epoch: 16 cost time: 1.7991487979888916
Epoch: 16, Steps: 20 | Train Loss: 0.643 Vali Loss: 0.731 Vali Acc: 0.470 Test Loss: 0.731 Test Acc: 0.470
EarlyStopping counter: 10 out of 10
Early stopping
>>>>>>>testing : classification_CLS_FingerMovements_DLinear_UEA_ftM_sl50_ll0_pl0_ma3_Exp_0<<<<<<<<<<<<<<<<<<<<<<<<<<<<<<<<<
100
test shape: torch.Size([100, 2]) torch.Size([100, 1])
accuracy:0.54
model parameter : 7902
model size : 0.03MB
Using GPU
Args in experiment:
[1mBasic Config[0m
  Task Name:          classification      Is Training:        1                   
  Model ID:           CLS_FingerMovements Model:              DLinear             

[1mData Loader[0m
  Data:               UEA                 Root Path:          /data/yoom618/TSLib/dataset/FingerMovements
  Data Path:          ETTh1.csv           Features:           M                   
  Target:             OT                  Freq:               h                   
  Checkpoints:        /data/yoom618/TSLib/checkpoints

[1mModel Parameters[0m
  Top k:              5                   Num Kernels:        6                   
  Enc In:             28                  Dec In:             7                   
  C Out:              0                   d model:            512                 
  n heads:            8                   e layers:           2                   
  d layers:           1                   d FF:               2048                
  Moving Avg:         2                   Factor:             1                   
  Distil:             1                   Dropout:            0.1                 
  Embed:              timeF               Activation:         gelu                

[1mRun Parameters[0m
  Num Workers:        10                  Itr:                1                   
  Train Epochs:       100                 Batch Size:         16                  
  Patience:           10                  Learning Rate:      0.001               
  Des:                Exp                 Loss:               MSE                 
  Lradj:              type1               Use Amp:            0                   

[1mGPU[0m
  Use GPU:            1                   GPU:                0                   
  Use Multi GPU:      0                   Devices:            0,1,2,3             

[1mDe-stationary Projector Params[0m
  P Hidden Dims:      128, 128            P Hidden Layers:    2                   

316
100
>>>>>>>start training : classification_CLS_FingerMovements_DLinear_UEA_ftM_sl50_ll0_pl0_ma2_Exp_0>>>>>>>>>>>>>>>>>>>>>>>>>>
316
100
100
Epoch: 1 cost time: 4.0961830615997314
Epoch: 1, Steps: 20 | Train Loss: 0.703 Vali Loss: 0.730 Vali Acc: 0.460 Test Loss: 0.730 Test Acc: 0.460
Validation loss decreased (inf --> -0.459993).  Saving model ...
Epoch: 2 cost time: 1.468794584274292
Epoch: 2, Steps: 20 | Train Loss: 0.690 Vali Loss: 0.727 Vali Acc: 0.420 Test Loss: 0.727 Test Acc: 0.420
EarlyStopping counter: 1 out of 10
Epoch: 3 cost time: 1.3900344371795654
Epoch: 3, Steps: 20 | Train Loss: 0.706 Vali Loss: 0.725 Vali Acc: 0.530 Test Loss: 0.725 Test Acc: 0.530
Validation loss decreased (-0.459993 --> -0.529993).  Saving model ...
Epoch: 4 cost time: 1.5265908241271973
Epoch: 4, Steps: 20 | Train Loss: 0.689 Vali Loss: 0.738 Vali Acc: 0.460 Test Loss: 0.738 Test Acc: 0.460
EarlyStopping counter: 1 out of 10
Epoch: 5 cost time: 1.8064930438995361
Epoch: 5, Steps: 20 | Train Loss: 0.695 Vali Loss: 0.728 Vali Acc: 0.460 Test Loss: 0.728 Test Acc: 0.460
EarlyStopping counter: 2 out of 10
Epoch: 6 cost time: 1.8157682418823242
Epoch: 6, Steps: 20 | Train Loss: 0.716 Vali Loss: 0.729 Vali Acc: 0.530 Test Loss: 0.729 Test Acc: 0.530
EarlyStopping counter: 3 out of 10
Epoch: 7 cost time: 1.1837773323059082
Epoch: 7, Steps: 20 | Train Loss: 0.691 Vali Loss: 0.727 Vali Acc: 0.430 Test Loss: 0.727 Test Acc: 0.430
EarlyStopping counter: 4 out of 10
Epoch: 8 cost time: 1.8467717170715332
Epoch: 8, Steps: 20 | Train Loss: 0.657 Vali Loss: 0.709 Vali Acc: 0.500 Test Loss: 0.709 Test Acc: 0.500
EarlyStopping counter: 5 out of 10
Epoch: 9 cost time: 1.452911376953125
Epoch: 9, Steps: 20 | Train Loss: 0.658 Vali Loss: 0.913 Vali Acc: 0.440 Test Loss: 0.913 Test Acc: 0.440
EarlyStopping counter: 6 out of 10
Epoch: 10 cost time: 1.556694507598877
Epoch: 10, Steps: 20 | Train Loss: 0.723 Vali Loss: 0.750 Vali Acc: 0.450 Test Loss: 0.750 Test Acc: 0.450
EarlyStopping counter: 7 out of 10
Epoch: 11 cost time: 1.7963459491729736
Epoch: 11, Steps: 20 | Train Loss: 0.662 Vali Loss: 0.780 Vali Acc: 0.520 Test Loss: 0.780 Test Acc: 0.520
EarlyStopping counter: 8 out of 10
Epoch: 12 cost time: 1.4993445873260498
Epoch: 12, Steps: 20 | Train Loss: 0.683 Vali Loss: 0.747 Vali Acc: 0.430 Test Loss: 0.747 Test Acc: 0.430
EarlyStopping counter: 9 out of 10
Epoch: 13 cost time: 1.6019549369812012
Epoch: 13, Steps: 20 | Train Loss: 0.656 Vali Loss: 0.733 Vali Acc: 0.490 Test Loss: 0.733 Test Acc: 0.490
EarlyStopping counter: 10 out of 10
Early stopping
>>>>>>>testing : classification_CLS_FingerMovements_DLinear_UEA_ftM_sl50_ll0_pl0_ma2_Exp_0<<<<<<<<<<<<<<<<<<<<<<<<<<<<<<<<<
100
test shape: torch.Size([100, 2]) torch.Size([100, 1])
accuracy:0.53
model parameter : 7902
model size : 0.03MB
Using GPU
Args in experiment:
[1mBasic Config[0m
  Task Name:          classification      Is Training:        1                   
  Model ID:           CLS_FingerMovements Model:              DLinear             

[1mData Loader[0m
  Data:               UEA                 Root Path:          /data/yoom618/TSLib/dataset/FingerMovements
  Data Path:          ETTh1.csv           Features:           M                   
  Target:             OT                  Freq:               h                   
  Checkpoints:        /data/yoom618/TSLib/checkpoints

[1mModel Parameters[0m
  Top k:              5                   Num Kernels:        6                   
  Enc In:             28                  Dec In:             7                   
  C Out:              0                   d model:            512                 
  n heads:            8                   e layers:           2                   
  d layers:           1                   d FF:               2048                
  Moving Avg:         1                   Factor:             1                   
  Distil:             1                   Dropout:            0.1                 
  Embed:              timeF               Activation:         gelu                

[1mRun Parameters[0m
  Num Workers:        10                  Itr:                1                   
  Train Epochs:       100                 Batch Size:         16                  
  Patience:           10                  Learning Rate:      0.001               
  Des:                Exp                 Loss:               MSE                 
  Lradj:              type1               Use Amp:            0                   

[1mGPU[0m
  Use GPU:            1                   GPU:                0                   
  Use Multi GPU:      0                   Devices:            0,1,2,3             

[1mDe-stationary Projector Params[0m
  P Hidden Dims:      128, 128            P Hidden Layers:    2                   

316
100
>>>>>>>start training : classification_CLS_FingerMovements_DLinear_UEA_ftM_sl50_ll0_pl0_ma1_Exp_0>>>>>>>>>>>>>>>>>>>>>>>>>>
316
100
100
Epoch: 1 cost time: 3.929650068283081
Epoch: 1, Steps: 20 | Train Loss: 0.703 Vali Loss: 0.730 Vali Acc: 0.460 Test Loss: 0.730 Test Acc: 0.460
Validation loss decreased (inf --> -0.459993).  Saving model ...
Epoch: 2 cost time: 1.575148344039917
Epoch: 2, Steps: 20 | Train Loss: 0.690 Vali Loss: 0.727 Vali Acc: 0.420 Test Loss: 0.727 Test Acc: 0.420
EarlyStopping counter: 1 out of 10
Epoch: 3 cost time: 1.7946960926055908
Epoch: 3, Steps: 20 | Train Loss: 0.706 Vali Loss: 0.725 Vali Acc: 0.520 Test Loss: 0.725 Test Acc: 0.520
Validation loss decreased (-0.459993 --> -0.519993).  Saving model ...
Epoch: 4 cost time: 2.0301034450531006
Epoch: 4, Steps: 20 | Train Loss: 0.690 Vali Loss: 0.738 Vali Acc: 0.450 Test Loss: 0.738 Test Acc: 0.450
EarlyStopping counter: 1 out of 10
Epoch: 5 cost time: 1.6250410079956055
Epoch: 5, Steps: 20 | Train Loss: 0.696 Vali Loss: 0.727 Vali Acc: 0.450 Test Loss: 0.727 Test Acc: 0.450
EarlyStopping counter: 2 out of 10
Epoch: 6 cost time: 2.1405766010284424
Epoch: 6, Steps: 20 | Train Loss: 0.717 Vali Loss: 0.728 Vali Acc: 0.520 Test Loss: 0.728 Test Acc: 0.520
EarlyStopping counter: 3 out of 10
Epoch: 7 cost time: 2.1469218730926514
Epoch: 7, Steps: 20 | Train Loss: 0.692 Vali Loss: 0.724 Vali Acc: 0.440 Test Loss: 0.724 Test Acc: 0.440
EarlyStopping counter: 4 out of 10
Epoch: 8 cost time: 1.9064111709594727
Epoch: 8, Steps: 20 | Train Loss: 0.660 Vali Loss: 0.707 Vali Acc: 0.500 Test Loss: 0.707 Test Acc: 0.500
EarlyStopping counter: 5 out of 10
Epoch: 9 cost time: 1.2968831062316895
Epoch: 9, Steps: 20 | Train Loss: 0.661 Vali Loss: 0.911 Vali Acc: 0.440 Test Loss: 0.911 Test Acc: 0.440
EarlyStopping counter: 6 out of 10
Epoch: 10 cost time: 2.1006741523742676
Epoch: 10, Steps: 20 | Train Loss: 0.727 Vali Loss: 0.746 Vali Acc: 0.460 Test Loss: 0.746 Test Acc: 0.460
EarlyStopping counter: 7 out of 10
Epoch: 11 cost time: 1.9455962181091309
Epoch: 11, Steps: 20 | Train Loss: 0.666 Vali Loss: 0.778 Vali Acc: 0.520 Test Loss: 0.778 Test Acc: 0.520
EarlyStopping counter: 8 out of 10
Epoch: 12 cost time: 1.984712839126587
Epoch: 12, Steps: 20 | Train Loss: 0.687 Vali Loss: 0.742 Vali Acc: 0.450 Test Loss: 0.742 Test Acc: 0.450
EarlyStopping counter: 9 out of 10
Epoch: 13 cost time: 1.797776460647583
Epoch: 13, Steps: 20 | Train Loss: 0.661 Vali Loss: 0.729 Vali Acc: 0.500 Test Loss: 0.729 Test Acc: 0.500
EarlyStopping counter: 10 out of 10
Early stopping
>>>>>>>testing : classification_CLS_FingerMovements_DLinear_UEA_ftM_sl50_ll0_pl0_ma1_Exp_0<<<<<<<<<<<<<<<<<<<<<<<<<<<<<<<<<
100
test shape: torch.Size([100, 2]) torch.Size([100, 1])
accuracy:0.52
model parameter : 7902
model size : 0.03MB
